[2024-05-11 14:51:39,530 : INFO : common : yaml file: config\config.yaml loaded successfully]
[2024-05-11 14:51:39,533 : INFO : common : yaml file: params.yaml loaded successfully]
[2024-05-11 14:51:39,533 : INFO : common : created directory at: artifacts]
[2024-05-11 14:51:39,534 : INFO : common : created directory at: artifacts/data_ingestion]
[2024-05-11 14:51:46,359 : INFO : data_ingestion : artifacts/data_ingestion/summarizer-data.zip download! with following info: 
Connection: close
Content-Length: 7903594
Cache-Control: max-age=300
Content-Security-Policy: default-src 'none'; style-src 'unsafe-inline'; sandbox
Content-Type: application/zip
ETag: "dbc016a060da18070593b83afff580c9b300f0b6ea4147a7988433e04df246ca"
Strict-Transport-Security: max-age=31536000
X-Content-Type-Options: nosniff
X-Frame-Options: deny
X-XSS-Protection: 1; mode=block
X-GitHub-Request-Id: 71EC:11D178:1E47C8:27B0C1:663F38A5
Accept-Ranges: bytes
Date: Sat, 11 May 2024 09:21:42 GMT
Via: 1.1 varnish
X-Served-By: cache-maa10221-MAA
X-Cache: MISS
X-Cache-Hits: 0
X-Timer: S1715419301.407231,VS0,VE707
Vary: Authorization,Accept-Encoding,Origin
Access-Control-Allow-Origin: *
Cross-Origin-Resource-Policy: cross-origin
X-Fastly-Request-ID: 1f1a5a339e48f7d084db58f5859dcfc1c6dda229
Expires: Sat, 11 May 2024 09:26:42 GMT
Source-Age: 0

]
